app/build/intermediates/manifest_merge_blame_file/debug/manifest-merger-blame-debug-report.txt
1<?xml version="1.0" encoding="utf-8"?>
2<manifest xmlns:android="http://schemas.android.com/apk/res/android"
3    package="com.example.nutritionapp"
4    android:versionCode="1"
5    android:versionName="1.0" >
6
7    <uses-sdk
8        android:minSdkVersion="21"
8-->src\main\AndroidManifest.xml
9        android:targetSdkVersion="31" />
9-->src\main\AndroidManifest.xml
10
11    <uses-permission android:name="android.permission.INTERNET" />
11-->src\main\AndroidManifest.xml:5:5-67
11-->src\main\AndroidManifest.xml:5:22-64
12    <uses-permission android:name="android.permission.CAMERA" />
12-->src\main\AndroidManifest.xml:6:5-65
12-->src\main\AndroidManifest.xml:6:22-62
13    <uses-permission
13-->src\main\AndroidManifest.xml:7:5-9:42
14        android:name="android.permission.HARDWARE_TEST.camera"
14-->src\main\AndroidManifest.xml:8:9-63
15        android:requiredFeature="true" />
15-->src\main\AndroidManifest.xml:9:9-39
16    <uses-permission android:name="android.permission.READ_EXTERNAL_STORAGE" />
16-->src\main\AndroidManifest.xml:10:5-80
16-->src\main\AndroidManifest.xml:10:22-77
17    <uses-permission android:name="android.permission.CALL_PHONE" />
17-->src\main\AndroidManifest.xml:11:5-69
17-->src\main\AndroidManifest.xml:11:22-66
18    <uses-permission android:name="android.permission.ACCESS_NETWORK_STATE" />
18-->[com.google.firebase:firebase-auth:21.0.1] AndroidManifest.xml:24:5-79
18-->[com.google.firebase:firebase-auth:21.0.1] AndroidManifest.xml:24:22-76
19
20    <application
20-->src\main\AndroidManifest.xml:13:5-81:19
21        android:name="com.example.nutritionapp.NutritionApp"
21-->src\main\AndroidManifest.xml:14:9-37
22        android:allowBackup="true"
22-->src\main\AndroidManifest.xml:15:9-35
23        android:appComponentFactory="androidx.core.app.CoreComponentFactory"
23-->[androidx.core:core:1.5.0] AndroidManifest.xml:24:18-86
24        android:debuggable="true"
25        android:icon="@mipmap/ic_launcher"
25-->src\main\AndroidManifest.xml:16:9-43
26        android:label="@string/app_name"
26-->src\main\AndroidManifest.xml:17:9-41
27        android:roundIcon="@mipmap/ic_launcher_round"
27-->src\main\AndroidManifest.xml:18:9-54
28        android:supportsRtl="true"
28-->src\main\AndroidManifest.xml:19:9-35
29        android:testOnly="true"
30        android:theme="@style/AppTheme.ActionBar.Transparent" >
30-->src\main\AndroidManifest.xml:20:9-62
31        <activity
31-->src\main\AndroidManifest.xml:21:9-24:20
32            android:name="com.example.nutritionapp.BaseActivity"
32-->src\main\AndroidManifest.xml:22:13-41
33            android:exported="true" >
33-->src\main\AndroidManifest.xml:23:13-36
34        </activity>
35        <activity
35-->src\main\AndroidManifest.xml:25:9-27:40
36            android:name="com.example.nutritionapp.ProfileActivity"
36-->src\main\AndroidManifest.xml:26:13-44
37            android:exported="false" />
37-->src\main\AndroidManifest.xml:27:13-37
38        <activity
38-->src\main\AndroidManifest.xml:28:9-30:40
39            android:name="com.example.nutritionapp.UploadPictureActivity"
39-->src\main\AndroidManifest.xml:29:13-50
40            android:exported="false" />
40-->src\main\AndroidManifest.xml:30:13-37
41        <activity
41-->src\main\AndroidManifest.xml:31:9-33:40
42            android:name="com.example.nutritionapp.ChatActivity"
42-->src\main\AndroidManifest.xml:32:13-41
43            android:exported="false" />
43-->src\main\AndroidManifest.xml:33:13-37
44        <activity
44-->src\main\AndroidManifest.xml:36:9-38:40
45            android:name="com.example.nutritionapp.RecipeListActivity"
45-->src\main\AndroidManifest.xml:37:13-47
46            android:exported="false" />
46-->src\main\AndroidManifest.xml:38:13-37
47        <activity
47-->src\main\AndroidManifest.xml:40:9-41:39
48            android:name="com.example.nutritionapp.RecipeDetailsActivity"
48-->src\main\AndroidManifest.xml:40:19-56
49            android:exported="false" />
49-->src\main\AndroidManifest.xml:41:13-37
50        <activity
50-->src\main\AndroidManifest.xml:42:9-44:40
51            android:name="com.example.nutritionapp.ShowWeightProgressActivity"
51-->src\main\AndroidManifest.xml:43:13-55
52            android:exported="false" />
52-->src\main\AndroidManifest.xml:44:13-37
53        <activity
53-->src\main\AndroidManifest.xml:45:9-47:40
54            android:name="com.example.nutritionapp.StatusActivity"
54-->src\main\AndroidManifest.xml:46:13-43
55            android:exported="false" />
55-->src\main\AndroidManifest.xml:47:13-37
56        <activity
56-->src\main\AndroidManifest.xml:48:9-50:40
57            android:name="com.example.nutritionapp.InformationActivity"
57-->src\main\AndroidManifest.xml:49:13-48
58            android:exported="false" />
58-->src\main\AndroidManifest.xml:50:13-37
59        <activity
59-->src\main\AndroidManifest.xml:51:9-53:40
60            android:name="com.example.nutritionapp.MenuScreenActivity"
60-->src\main\AndroidManifest.xml:52:13-47
61            android:exported="false" />
61-->src\main\AndroidManifest.xml:53:13-37
62        <activity
62-->src\main\AndroidManifest.xml:54:9-56:40
63            android:name="com.example.nutritionapp.LoginActivity"
63-->src\main\AndroidManifest.xml:55:13-42
64            android:exported="false" />
64-->src\main\AndroidManifest.xml:56:13-37
65        <activity
65-->src\main\AndroidManifest.xml:57:9-59:40
66            android:name="com.example.nutritionapp.RegisterActivity"
66-->src\main\AndroidManifest.xml:58:13-45
67            android:exported="false" />
67-->src\main\AndroidManifest.xml:59:13-37
68        <activity
68-->src\main\AndroidManifest.xml:60:9-67:20
69            android:name="com.example.nutritionapp.SplashscreenActivity"
69-->src\main\AndroidManifest.xml:61:13-49
70            android:exported="true" >
70-->src\main\AndroidManifest.xml:62:13-36
71            <intent-filter>
71-->src\main\AndroidManifest.xml:63:13-66:29
72                <action android:name="android.intent.action.MAIN" />
72-->src\main\AndroidManifest.xml:64:17-69
72-->src\main\AndroidManifest.xml:64:25-66
73
74                <category android:name="android.intent.category.LAUNCHER" />
74-->src\main\AndroidManifest.xml:65:17-77
74-->src\main\AndroidManifest.xml:65:27-74
75            </intent-filter>
76        </activity>
77        <activity
77-->src\main\AndroidManifest.xml:68:9-69:38
78            android:name="com.example.nutritionapp.ContactActivity"
78-->src\main\AndroidManifest.xml:68:19-50
79            android:exported="true" />
79-->src\main\AndroidManifest.xml:69:13-36
80        <activity
80-->src\main\AndroidManifest.xml:71:9-73:20
81            android:name="com.example.nutritionapp.AddRecipeActivity"
81-->src\main\AndroidManifest.xml:71:19-52
82            android:exported="true" >
82-->src\main\AndroidManifest.xml:72:13-36
83        </activity>
84        <activity
84-->src\main\AndroidManifest.xml:74:9-76:39
85            android:name="com.example.nutritionapp.MainActivity"
85-->src\main\AndroidManifest.xml:75:13-41
86            android:exported="true" />
86-->src\main\AndroidManifest.xml:76:13-36
87
88        <meta-data
88-->src\main\AndroidManifest.xml:78:9-80:57
89            android:name="preloaded_fonts"
89-->src\main\AndroidManifest.xml:79:13-43
90            android:resource="@array/preloaded_fonts" />
90-->src\main\AndroidManifest.xml:80:13-54
91
92        <activity
92-->[com.google.firebase:firebase-auth:21.0.1] AndroidManifest.xml:27:9-44:20
93            android:name="com.google.firebase.auth.internal.GenericIdpActivity"
93-->[com.google.firebase:firebase-auth:21.0.1] AndroidManifest.xml:28:13-80
94            android:excludeFromRecents="true"
94-->[com.google.firebase:firebase-auth:21.0.1] AndroidManifest.xml:29:13-46
95            android:exported="true"
95-->[com.google.firebase:firebase-auth:21.0.1] AndroidManifest.xml:30:13-36
96            android:launchMode="singleTask"
96-->[com.google.firebase:firebase-auth:21.0.1] AndroidManifest.xml:31:13-44
97            android:theme="@android:style/Theme.Translucent.NoTitleBar" >
97-->[com.google.firebase:firebase-auth:21.0.1] AndroidManifest.xml:32:13-72
98            <intent-filter>
98-->[com.google.firebase:firebase-auth:21.0.1] AndroidManifest.xml:33:13-43:29
99                <action android:name="android.intent.action.VIEW" />
99-->[com.google.firebase:firebase-auth:21.0.1] AndroidManifest.xml:34:17-69
99-->[com.google.firebase:firebase-auth:21.0.1] AndroidManifest.xml:34:25-66
100
101                <category android:name="android.intent.category.DEFAULT" />
101-->[com.google.firebase:firebase-auth:21.0.1] AndroidManifest.xml:36:17-76
101-->[com.google.firebase:firebase-auth:21.0.1] AndroidManifest.xml:36:27-73
102                <category android:name="android.intent.category.BROWSABLE" />
102-->[com.google.firebase:firebase-auth:21.0.1] AndroidManifest.xml:37:17-78
102-->[com.google.firebase:firebase-auth:21.0.1] AndroidManifest.xml:37:27-75
103
104                <data
104-->[com.google.firebase:firebase-auth:21.0.1] AndroidManifest.xml:39:17-42:51
105                    android:host="firebase.auth"
105-->[com.google.firebase:firebase-auth:21.0.1] AndroidManifest.xml:40:21-49
106                    android:path="/"
106-->[com.google.firebase:firebase-auth:21.0.1] AndroidManifest.xml:41:21-37
107                    android:scheme="genericidp" />
107-->[com.google.firebase:firebase-auth:21.0.1] AndroidManifest.xml:42:21-48
108            </intent-filter>
109        </activity>
110        <activity
110-->[com.google.firebase:firebase-auth:21.0.1] AndroidManifest.xml:45:9-62:20
111            android:name="com.google.firebase.auth.internal.RecaptchaActivity"
111-->[com.google.firebase:firebase-auth:21.0.1] AndroidManifest.xml:46:13-79
112            android:excludeFromRecents="true"
112-->[com.google.firebase:firebase-auth:21.0.1] AndroidManifest.xml:47:13-46
113            android:exported="true"
113-->[com.google.firebase:firebase-auth:21.0.1] AndroidManifest.xml:48:13-36
114            android:launchMode="singleTask"
114-->[com.google.firebase:firebase-auth:21.0.1] AndroidManifest.xml:49:13-44
115            android:theme="@android:style/Theme.Translucent.NoTitleBar" >
115-->[com.google.firebase:firebase-auth:21.0.1] AndroidManifest.xml:50:13-72
116            <intent-filter>
116-->[com.google.firebase:firebase-auth:21.0.1] AndroidManifest.xml:51:13-61:29
117                <action android:name="android.intent.action.VIEW" />
117-->[com.google.firebase:firebase-auth:21.0.1] AndroidManifest.xml:34:17-69
117-->[com.google.firebase:firebase-auth:21.0.1] AndroidManifest.xml:34:25-66
118
119                <category android:name="android.intent.category.DEFAULT" />
119-->[com.google.firebase:firebase-auth:21.0.1] AndroidManifest.xml:36:17-76
119-->[com.google.firebase:firebase-auth:21.0.1] AndroidManifest.xml:36:27-73
120                <category android:name="android.intent.category.BROWSABLE" />
120-->[com.google.firebase:firebase-auth:21.0.1] AndroidManifest.xml:37:17-78
120-->[com.google.firebase:firebase-auth:21.0.1] AndroidManifest.xml:37:27-75
121
122                <data
122-->[com.google.firebase:firebase-auth:21.0.1] AndroidManifest.xml:39:17-42:51
123                    android:host="firebase.auth"
123-->[com.google.firebase:firebase-auth:21.0.1] AndroidManifest.xml:40:21-49
124                    android:path="/"
124-->[com.google.firebase:firebase-auth:21.0.1] AndroidManifest.xml:41:21-37
125                    android:scheme="recaptcha" />
125-->[com.google.firebase:firebase-auth:21.0.1] AndroidManifest.xml:42:21-48
126            </intent-filter>
127        </activity>
128
129        <service
129-->[com.google.firebase:firebase-auth:21.0.1] AndroidManifest.xml:64:9-73:19
130            android:name="com.google.firebase.auth.api.fallback.service.FirebaseAuthFallbackService"
130-->[com.google.firebase:firebase-auth:21.0.1] AndroidManifest.xml:65:13-101
131            android:enabled="true"
131-->[com.google.firebase:firebase-auth:21.0.1] AndroidManifest.xml:66:13-35
132            android:exported="false" >
132-->[com.google.firebase:firebase-auth:21.0.1] AndroidManifest.xml:67:13-37
133            <intent-filter>
133-->[com.google.firebase:firebase-auth:21.0.1] AndroidManifest.xml:68:13-72:29
134                <action android:name="com.google.firebase.auth.api.gms.service.START" />
134-->[com.google.firebase:firebase-auth:21.0.1] AndroidManifest.xml:69:17-89
134-->[com.google.firebase:firebase-auth:21.0.1] AndroidManifest.xml:69:25-86
135
136                <category android:name="android.intent.category.DEFAULT" />
136-->[com.google.firebase:firebase-auth:21.0.1] AndroidManifest.xml:36:17-76
136-->[com.google.firebase:firebase-auth:21.0.1] AndroidManifest.xml:36:27-73
137            </intent-filter>
138        </service>
139        <service
139-->[com.google.firebase:firebase-auth:21.0.1] AndroidManifest.xml:74:9-80:19
140            android:name="com.google.firebase.components.ComponentDiscoveryService"
140-->[com.google.firebase:firebase-auth:21.0.1] AndroidManifest.xml:75:13-84
141            android:directBootAware="true"
141-->[com.google.firebase:firebase-common:20.0.0] AndroidManifest.xml:35:13-43
142            android:exported="false" >
142-->[com.google.firebase:firebase-auth:21.0.1] AndroidManifest.xml:76:13-37
143            <meta-data
143-->[com.google.firebase:firebase-auth:21.0.1] AndroidManifest.xml:77:13-79:85
144                android:name="com.google.firebase.components:com.google.firebase.auth.FirebaseAuthRegistrar"
144-->[com.google.firebase:firebase-auth:21.0.1] AndroidManifest.xml:78:17-109
145                android:value="com.google.firebase.components.ComponentRegistrar" />
145-->[com.google.firebase:firebase-auth:21.0.1] AndroidManifest.xml:79:17-82
146            <meta-data
146-->[com.google.firebase:firebase-firestore:23.0.1] AndroidManifest.xml:20:13-22:85
147                android:name="com.google.firebase.components:com.google.firebase.firestore.FirestoreRegistrar"
147-->[com.google.firebase:firebase-firestore:23.0.1] AndroidManifest.xml:21:17-111
148                android:value="com.google.firebase.components.ComponentRegistrar" />
148-->[com.google.firebase:firebase-firestore:23.0.1] AndroidManifest.xml:22:17-82
149            <meta-data
149-->[com.google.firebase:firebase-storage:20.0.0] AndroidManifest.xml:33:13-35:85
150                android:name="com.google.firebase.components:com.google.firebase.storage.StorageRegistrar"
150-->[com.google.firebase:firebase-storage:20.0.0] AndroidManifest.xml:34:17-107
151                android:value="com.google.firebase.components.ComponentRegistrar" />
151-->[com.google.firebase:firebase-storage:20.0.0] AndroidManifest.xml:35:17-82
152        </service>
153
154        <activity
154-->[com.google.android.gms:play-services-base:17.1.0] AndroidManifest.xml:23:9-26:75
155            android:name="com.google.android.gms.common.api.GoogleApiActivity"
155-->[com.google.android.gms:play-services-base:17.1.0] AndroidManifest.xml:24:13-79
156            android:exported="false"
156-->[com.google.android.gms:play-services-base:17.1.0] AndroidManifest.xml:25:13-37
157            android:theme="@android:style/Theme.Translucent.NoTitleBar" />
157-->[com.google.android.gms:play-services-base:17.1.0] AndroidManifest.xml:26:13-72
158
159        <provider
159-->[com.google.firebase:firebase-common:20.0.0] AndroidManifest.xml:26:9-31:39
160            android:name="com.google.firebase.provider.FirebaseInitProvider"
160-->[com.google.firebase:firebase-common:20.0.0] AndroidManifest.xml:27:13-77
161            android:authorities="com.example.nutritionapp.firebaseinitprovider"
161-->[com.google.firebase:firebase-common:20.0.0] AndroidManifest.xml:28:13-72
162            android:directBootAware="true"
162-->[com.google.firebase:firebase-common:20.0.0] AndroidManifest.xml:29:13-43
163            android:exported="false"
163-->[com.google.firebase:firebase-common:20.0.0] AndroidManifest.xml:30:13-37
164            android:initOrder="100" />
164-->[com.google.firebase:firebase-common:20.0.0] AndroidManifest.xml:31:13-36
165
166        <meta-data
166-->[com.google.android.gms:play-services-basement:17.1.0] AndroidManifest.xml:23:9-25:69
167            android:name="com.google.android.gms.version"
167-->[com.google.android.gms:play-services-basement:17.1.0] AndroidManifest.xml:24:13-58
168            android:value="@integer/google_play_services_version" />
168-->[com.google.android.gms:play-services-basement:17.1.0] AndroidManifest.xml:25:13-66
169    </application>
170
171</manifest>